Compiling 
FirstRun 
current state LINE_BEGIN
current counter 0
token .public parsed as PUB_EXT
current token type PUB_EXT
current token .public

token .public parsed as PUB_EXT
current state AFTER_LABEL
current counter 0
token .public parsed as PUB_EXT
current token type PUB_EXT
current token .public

token .public parsed as PUB_EXT
current state LINE_END
current counter 0
empty tokensqueue

current state LINE_BEGIN
current counter 0
token .externn parsed as ILLEGAL
ERROR: Illegal token! .externn
