Load script file
Linking file 
Adding section symbol .text
Adding section symbol .data.intrlabele
Adding section symbol .data
Adding label symbol kbInput
Adding label symbol kbOutput
Adding label symbol kbIntrOut
Adding label symbol main
Adding label symbol tmrIntrOut
Adding label symbol loop
Adding label symbol advance
Adding label symbol output
Adding label symbol kbInterrupt
Adding label symbol timerInterrupt
Adding label symbol advance2
Adding label symbol loop2
Adding label symbol a
Adding label symbol testInstr
Linking file 
Adding section symbol .text.neki
Adding section symbol .text.intr
Adding label symbol timerInterrupt
Adding label symbol testInstr
Adding label symbol wait
Adding label symbol calc
Adding label symbol ispis
Adding label symbol ispis2
Adding label symbol kbInterrupt
Adding label symbol kraj
Adding label symbol fact
Linking file 
Adding section symbol .text.fact
Adding label symbol fact
Load symbols from script
Load remaining sections
Check output 
Generating binary output
Write output 
Symbol: .text.fact
	Defined:	1
	SectionName:	.text.fact
	Offset:	0
	Type:	LOCAL

	Size:	20

Symbol: fact
	Defined:	1
	SectionName:	.text.fact
	Offset:	0
	Type:	GLOBAL

	Size:	0

Symbol: kraj
	Defined:	1
	SectionName:	.text.neki
	Offset:	156
	Type:	LOCAL

	Size:	0

Symbol: ispis2
	Defined:	1
	SectionName:	.text.neki
	Offset:	132
	Type:	LOCAL

	Size:	0

Symbol: loop
	Defined:	1
	SectionName:	.text
	Offset:	88
	Type:	LOCAL

	Size:	0

Symbol: tmrIntrOut
	Defined:	1
	SectionName:	.data.intrlabele
	Offset:	4
	Type:	LOCAL

	Size:	0

Symbol: main
	Defined:	1
	SectionName:	.text
	Offset:	0
	Type:	GLOBAL

	Size:	0

Symbol: ispis
	Defined:	1
	SectionName:	.text.neki
	Offset:	88
	Type:	LOCAL

	Size:	0

Symbol: kbOutput
	Defined:	1
	SectionName:	.data.intrlabele
	Offset:	12
	Type:	LOCAL

	Size:	0

Symbol: .text.intr
	Defined:	1
	SectionName:	.text.intr
	Offset:	0
	Type:	LOCAL

	Size:	24

Symbol: advance
	Defined:	1
	SectionName:	.text
	Offset:	100
	Type:	LOCAL

	Size:	0

Symbol: kbIntrOut
	Defined:	1
	SectionName:	.data.intrlabele
	Offset:	8
	Type:	LOCAL

	Size:	0

Symbol: .text
	Defined:	1
	SectionName:	.text
	Offset:	0
	Type:	LOCAL

	Size:	152

Symbol: wait
	Defined:	1
	SectionName:	.text.neki
	Offset:	32
	Type:	LOCAL

	Size:	0

Symbol: .data
	Defined:	1
	SectionName:	.data
	Offset:	0
	Type:	LOCAL

	Size:	4

Symbol: timerInterrupt
	Defined:	1
	SectionName:	.text.intr
	Offset:	0
	Type:	GLOBAL

	Size:	0

Symbol: advance2
	Defined:	1
	SectionName:	.text
	Offset:	136
	Type:	LOCAL

	Size:	0

Symbol: loop2
	Defined:	1
	SectionName:	.text
	Offset:	124
	Type:	LOCAL

	Size:	0

Symbol: .data.intrlabele
	Defined:	1
	SectionName:	.data.intrlabele
	Offset:	0
	Type:	LOCAL

	Size:	20

Symbol: output
	Defined:	1
	SectionName:	.data.intrlabele
	Offset:	0
	Type:	LOCAL

	Size:	0

Symbol: kbInterrupt
	Defined:	1
	SectionName:	.text.intr
	Offset:	8
	Type:	GLOBAL

	Size:	0

Symbol: kbInput
	Defined:	1
	SectionName:	.data.intrlabele
	Offset:	16
	Type:	LOCAL

	Size:	0

Symbol: a
	Defined:	1
	SectionName:	.data
	Offset:	0
	Type:	LOCAL

	Size:	0

Symbol: testInstr
	Defined:	1
	SectionName:	.text.neki
	Offset:	0
	Type:	GLOBAL

	Size:	0

Symbol: .text.neki
	Defined:	1
	SectionName:	.text.neki
	Offset:	0
	Type:	LOCAL

	Size:	160

Symbol: calc
	Defined:	1
	SectionName:	.text.neki
	Offset:	44
	Type:	LOCAL

	Size:	0

Relocation: 
	Symbol:	timerInterrupt
	Section:	output
	Offset:	24
	RelocationType:	LDCRELOC

Relocation: 
	Symbol:	tmrIntrOut
	Section:	output
	Offset:	32
	RelocationType:	LDCRELOC

Relocation: 
	Symbol:	kbInterrupt
	Section:	output
	Offset:	48
	RelocationType:	LDCRELOC

Relocation: 
	Symbol:	kbIntrOut
	Section:	output
	Offset:	56
	RelocationType:	LDCRELOC

Relocation: 
	Symbol:	kbOutput
	Section:	output
	Offset:	72
	RelocationType:	LDCRELOC

Relocation: 
	Symbol:	kbInput
	Section:	output
	Offset:	84
	RelocationType:	LDCRELOC

Relocation: 
	Symbol:	advance
	Section:	output
	Offset:	96
	RelocationType:	LDCRELOC

Relocation: 
	Symbol:	loop
	Section:	output
	Offset:	104
	RelocationType:	LDCRELOC

Relocation: 
	Symbol:	loop2
	Section:	output
	Offset:	132
	RelocationType:	LDCRELOC

Relocation: 
	Symbol:	advance2
	Section:	output
	Offset:	140
	RelocationType:	LDCRELOC

Relocation: 
	Symbol:	testInstr
	Section:	output
	Offset:	160
	RelocationType:	LDCRELOC

Relocation: 
	Symbol:	wait
	Section:	output
	Offset:	220
	RelocationType:	LDCRELOC

Relocation: 
	Symbol:	calc
	Section:	output
	Offset:	228
	RelocationType:	LDCRELOC

Relocation: 
	Symbol:	ispis
	Section:	output
	Offset:	236
	RelocationType:	LDCRELOC

Relocation: 
	Symbol:	kraj
	Section:	output
	Offset:	244
	RelocationType:	LDCRELOC

Relocation: 
	Symbol:	ispis2
	Section:	output
	Offset:	264
	RelocationType:	LDCRELOC

Relocation: 
	Symbol:	fact
	Section:	output
	Offset:	288
	RelocationType:	LDCRELOC

Section: .text.fact
Size: 20
36 81 00 00 26 62 00 00 
5e 22 00 00 c1 05 00 00 
e6 30 02 00 

Section: .text
Size: 152
f6 16 00 00 f6 06 c4 00 
f6 17 00 00 f6 07 08 00 
a6 e7 24 00 a6 c7 04 00 
f6 16 00 00 f6 06 cc 00 
f6 17 00 00 f6 07 0c 00 
a6 e7 24 00 a6 c7 04 00 
f6 19 00 00 f6 09 10 00 
a6 29 25 00 f6 18 00 00 
f6 08 14 00 a6 08 25 00 
f6 15 00 00 f6 05 7c 00 
f6 14 00 00 f6 04 70 00 
5e 6d 00 00 e0 b0 00 00 
e6 90 00 00 d6 c2 01 00 
16 e2 00 00 f6 14 00 00 
f6 04 94 00 f6 15 00 00 
f6 05 a0 00 5e 02 03 00 
e5 b0 00 00 e6 90 00 00 
f6 14 00 00 f6 04 dc 00 
c6 04 00 00 b6 00 00 00 

Section: .text.intr
Size: 24
16 6c 00 00 ee 30 02 00 
5e 6d 00 00 11 6d 00 00 
a1 e8 24 00 ee 30 02 00 

Section: .data.intrlabele
Size: 20
00 20 00 00 04 00 00 00 
0c 00 00 00 00 20 00 00 
00 10 00 00 

Section: .data
Size: 4
78 56 00 00 

Section: .text.neki
Size: 160
f6 16 00 00 f6 06 fc 00 
f6 15 00 00 f6 05 08 01 
f6 14 00 00 f6 04 34 01 
f6 13 00 00 f6 03 78 01 
5e 6d 00 00 e0 b0 00 00 
e6 d0 00 00 f6 16 00 00 
f6 06 60 01 f6 11 00 00 
f6 01 01 00 d6 72 01 00 
26 22 0c 00 f6 15 00 00 
f6 05 b0 00 c6 05 00 00 
f6 1a 00 00 f6 0a 20 20 
5e 21 00 00 e0 d0 00 00 
d6 15 01 00 46 a5 02 00 
36 a5 02 00 d6 12 01 00 
26 42 01 00 16 22 0c 00 
a6 4a 08 00 46 a1 02 00 
e6 90 00 00 66 4a 01 00 
5e 2a 08 08 e5 70 00 00 
a6 4a 34 00 a6 49 04 00 
e6 d0 00 00 e6 30 02 00 

